#
# There is insufficient memory for the Java Runtime Environment to continue.
# Native memory allocation (malloc) failed to allocate 834336 bytes for Chunk::new
# Possible reasons:
#   The system is out of physical RAM or swap space
#   The process is running with CompressedOops enabled, and the Java Heap may be blocking the growth of the native heap
# Possible solutions:
#   Reduce memory load on the system
#   Increase physical memory or swap space
#   Check if swap backing store is full
#   Decrease Java heap size (-Xmx/-Xms)
#   Decrease number of Java threads
#   Decrease Java thread stack sizes (-Xss)
#   Set larger code cache with -XX:ReservedCodeCacheSize=
#   JVM is running with Unscaled Compressed Oops mode in which the Java heap is
#     placed in the first 4GB address space. The Java Heap base address is the
#     maximum limit for the native heap growth. Please use -XX:HeapBaseMinAddress
#     to set the Java Heap base and to place the Java Heap above 4GB virtual address.
# This output file may be truncated or incomplete.
#
#  Out of Memory Error (arena.cpp:189), pid=7392, tid=24564
#
# JRE version: Java(TM) SE Runtime Environment (17.0.2+8) (build 17.0.2+8-LTS-86)
# Java VM: Java HotSpot(TM) 64-Bit Server VM (17.0.2+8-LTS-86, mixed mode, sharing, tiered, compressed oops, compressed class ptrs, g1 gc, windows-amd64)
# No core dump will be written. Minidumps are not enabled by default on client versions of Windows
#

---------------  S U M M A R Y ------------

Command Line: -Dprog.dir=C:\\Users\\79393\\AppData\\Local\\Coursier\\data\\bin\ C:\Users\79393\AppData\Local\Coursier\data\bin\scala.bat d:\TodoBot\src\main\scala\Application.scala

Host: Intel(R) Core(TM) i5-10210U CPU @ 1.60GHz, 8 cores, 7G,  Windows 10 , 64 bit Build 19041 (10.0.19041.3636)
Time: Tue Jan 30 13:40:57 2024 RTZ 2 (s 10 , 64 bit Build 19041 (10.0.19041.3636) elapsed time: 4.089704 seconds (0d 0h 0m 4s)

---------------  T H R E A D  ---------------

Current thread (0x00000215d6df5a80):  JavaThread "C2 CompilerThread1" daemon [_thread_in_native, id=24564, stack(0x00000042de300000,0x00000042de400000)]


Current CompileTask:
C2:   4089 2181       4       scala.collection.Iterator$$anon$6::hasNext (94 bytes)

Stack: [0x00000042de300000,0x00000042de400000]
Native frames: (J=compiled Java code, j=interpreted, Vv=VM code, C=native code)
V  [jvm.dll+0x670baa]
V  [jvm.dll+0x7cfcb4]
V  [jvm.dll+0x7d145e]
V  [jvm.dll+0x7d1ac3]
V  [jvm.dll+0x242bc5]
V  [jvm.dll+0xaa57b]
V  [jvm.dll+0xaab0c]
V  [jvm.dll+0x2a991f]
V  [jvm.dll+0x5792d9]
V  [jvm.dll+0x21de3d]
V  [jvm.dll+0x217792]
V  [jvm.dll+0x214fab]
V  [jvm.dll+0x1a1bbd]
V  [jvm.dll+0x224908]
V  [jvm.dll+0x222a6c]
V  [jvm.dll+0x7859bb]
V  [jvm.dll+0x77ff7a]
V  [jvm.dll+0x66fa35]
C  [ucrtbase.dll+0x21bb2]
C  [KERNEL32.DLL+0x17344]
C  [ntdll.dll+0x526b1]


---------------  P R O C E S S  ---------------

Threads class SMR info:
_java_thread_list=0x00000215d69dea00, length=13, elements={
0x00000215b56bfc70, 0x00000215d566d130, 0x00000215d566dfa0, 0x00000215d5680c00,
0x00000215d56817b0, 0x00000215d5684270, 0x00000215d5684c20, 0x00000215d56859b0,
0x00000215d56939a0, 0x00000215d5689f60, 0x00000215d61d3fb0, 0x00000215d61db670,
0x00000215d6df5a80
}

Java Threads: ( => current thread )
  0x00000215b56bfc70 JavaThread "main" [_thread_in_native, id=20344, stack(0x00000042dcc00000,0x00000042dcd00000)]
  0x00000215d566d130 JavaThread "Reference Handler" daemon [_thread_blocked, id=20732, stack(0x00000042dd300000,0x00000042dd400000)]
  0x00000215d566dfa0 JavaThread "Finalizer" daemon [_thread_blocked, id=13108, stack(0x00000042dd400000,0x00000042dd500000)]
  0x00000215d5680c00 JavaThread "Signal Dispatcher" daemon [_thread_blocked, id=27516, stack(0x00000042dd500000,0x00000042dd600000)]
  0x00000215d56817b0 JavaThread "Attach Listener" daemon [_thread_blocked, id=10460, stack(0x00000042dd600000,0x00000042dd700000)]
  0x00000215d5684270 JavaThread "Service Thread" daemon [_thread_blocked, id=7932, stack(0x00000042dd700000,0x00000042dd800000)]
  0x00000215d5684c20 JavaThread "Monitor Deflation Thread" daemon [_thread_blocked, id=16400, stack(0x00000042dd800000,0x00000042dd900000)]
  0x00000215d56859b0 JavaThread "C2 CompilerThread0" daemon [_thread_in_native, id=28284, stack(0x00000042dd900000,0x00000042dda00000)]
  0x00000215d56939a0 JavaThread "C1 CompilerThread0" daemon [_thread_blocked, id=22308, stack(0x00000042dda00000,0x00000042ddb00000)]
  0x00000215d5689f60 JavaThread "Sweeper thread" daemon [_thread_blocked, id=6392, stack(0x00000042ddb00000,0x00000042ddc00000)]
  0x00000215d61d3fb0 JavaThread "Notification Thread" daemon [_thread_blocked, id=4000, stack(0x00000042ddc00000,0x00000042ddd00000)]
  0x00000215d61db670 JavaThread "Common-Cleaner" daemon [_thread_blocked, id=2884, stack(0x00000042dde00000,0x00000042ddf00000)]
=>0x00000215d6df5a80 JavaThread "C2 CompilerThread1" daemon [_thread_in_native, id=24564, stack(0x00000042de300000,0x00000042de400000)]

Other Threads:
  0x00000215d5667520 VMThread "VM Thread" [stack: 0x00000042dd200000,0x00000042dd300000] [id=21136]
  0x00000215b5724510 WatcherThread [stack: 0x00000042ddd00000,0x00000042dde00000] [id=26292]
  0x00000215b56feb00 GCTaskThread "GC Thread#0" [stack: 0x00000042dcd00000,0x00000042dce00000] [id=20592]
  0x00000215d649f970 GCTaskThread "GC Thread#1" [stack: 0x00000042ddf00000,0x00000042de000000] [id=26460]
  0x00000215d649fed0 GCTaskThread "GC Thread#2" [stack: 0x00000042de000000,0x00000042de100000] [id=25540]
  0x00000215d649f410 GCTaskThread "GC Thread#3" [stack: 0x00000042de100000,0x00000042de200000] [id=15576]
  0x00000215d64a0180 GCTaskThread "GC Thread#4" [stack: 0x00000042de200000,0x00000042de300000] [id=3664]
  0x00000215d6e10c00 GCTaskThread "GC Thread#5" [stack: 0x00000042de400000,0x00000042de500000] [id=22984]
  0x00000215d6e0d640 GCTaskThread "GC Thread#6" [stack: 0x00000042de500000,0x00000042de600000] [id=15444]
  0x00000215d6e0ebc0 GCTaskThread "GC Thread#7" [stack: 0x00000042de600000,0x00000042de700000] [id=17696]
  0x00000215b570f540 ConcurrentGCThread "G1 Main Marker" [stack: 0x00000042dce00000,0x00000042dcf00000] [id=21428]
  0x00000215b57106f0 ConcurrentGCThread "G1 Conc#0" [stack: 0x00000042dcf00000,0x00000042dd000000] [id=17436]
  0x00000215b579b330 ConcurrentGCThread "G1 Refine#0" [stack: 0x00000042dd000000,0x00000042dd100000] [id=27000]
  0x00000215b579bd50 ConcurrentGCThread "G1 Service" [stack: 0x00000042dd100000,0x00000042dd200000] [id=27372]

Threads with active compile tasks:
C2 CompilerThread0     4129 2036       4       java.util.Spliterators$1Adapter::hasNext (23 bytes)
C2 CompilerThread1     4129 2181       4       scala.collection.Iterator$$anon$6::hasNext (94 bytes)

VM state: not at safepoint (normal execution)

VM Mutex/Monitor currently owned by a thread: None

Heap address: 0x0000000082800000, size: 2008 MB, Compressed Oops mode: 32-bit

CDS archive(s) mapped at: [0x0000000800000000-0x0000000800bc0000-0x0000000800bc0000), size 12320768, SharedBaseAddress: 0x0000000800000000, ArchiveRelocationMode: 0.
Compressed class space mapped at: 0x0000000800c00000-0x0000000840c00000, reserved size: 1073741824
Narrow klass base: 0x0000000800000000, Narrow klass shift: 0, Narrow klass range: 0x100000000

GC Precious Log:
 CPUs: 8 total, 8 available
 Memory: 8025M
 Large Page Support: Disabled
 NUMA Support: Disabled
 Compressed Oops: Enabled (32-bit)
 Heap Region Size: 1M
 Heap Min Capacity: 8M
 Heap Initial Capacity: 126M
 Heap Max Capacity: 2008M
 Pre-touch: Disabled
 Parallel Workers: 8
 Concurrent Workers: 2
 Concurrent Refinement Workers: 8
 Periodic GC: Disabled

Heap:
 garbage-first heap   total 129024K, used 27887K [0x0000000082800000, 0x0000000100000000)
  region size 1024K, 23 young (23552K), 4 survivors (4096K)
 Metaspace       used 19532K, committed 19776K, reserved 1073152K
  class space    used 2258K, committed 2368K, reserved 1048576K

Heap Regions: E=young(eden), S=young(survivor), O=old, HS=humongous(starts), HC=humongous(continues), CS=collection set, F=free, OA=open archive, CA=closed archive, TAMS=top-at-mark-start (previous, next)
|   0|0x0000000082800000, 0x0000000082900000, 0x0000000082900000|100%|HS|  |TAMS 0x0000000082800000, 0x0000000082800000| Complete 
|   1|0x0000000082900000, 0x0000000082a00000, 0x0000000082a00000|100%| O|  |TAMS 0x0000000082900000, 0x0000000082900000| Untracked 
|   2|0x0000000082a00000, 0x0000000082b00000, 0x0000000082b00000|100%|HS|  |TAMS 0x0000000082a00000, 0x0000000082a00000| Complete 
|   3|0x0000000082b00000, 0x0000000082c00000, 0x0000000082c00000|100%| O|  |TAMS 0x0000000082b00000, 0x0000000082b00000| Untracked 
|   4|0x0000000082c00000, 0x0000000082d00000, 0x0000000082d00000|100%| O|  |TAMS 0x0000000082c00000, 0x0000000082c00000| Untracked 
|   5|0x0000000082d00000, 0x0000000082d3bc00, 0x0000000082e00000| 23%| O|  |TAMS 0x0000000082d00000, 0x0000000082d00000| Untracked 
|   6|0x0000000082e00000, 0x0000000082e00000, 0x0000000082f00000|  0%| F|  |TAMS 0x0000000082e00000, 0x0000000082e00000| Untracked 
|   7|0x0000000082f00000, 0x0000000082f00000, 0x0000000083000000|  0%| F|  |TAMS 0x0000000082f00000, 0x0000000082f00000| Untracked 
|   8|0x0000000083000000, 0x0000000083000000, 0x0000000083100000|  0%| F|  |TAMS 0x0000000083000000, 0x0000000083000000| Untracked 
|   9|0x0000000083100000, 0x0000000083100000, 0x0000000083200000|  0%| F|  |TAMS 0x0000000083100000, 0x0000000083100000| Untracked 
|  10|0x0000000083200000, 0x0000000083200000, 0x0000000083300000|  0%| F|  |TAMS 0x0000000083200000, 0x0000000083200000| Untracked 
|  11|0x0000000083300000, 0x0000000083300000, 0x0000000083400000|  0%| F|  |TAMS 0x0000000083300000, 0x0000000083300000| Untracked 
|  12|0x0000000083400000, 0x0000000083400000, 0x0000000083500000|  0%| F|  |TAMS 0x0000000083400000, 0x0000000083400000| Untracked 
|  13|0x0000000083500000, 0x0000000083500000, 0x0000000083600000|  0%| F|  |TAMS 0x0000000083500000, 0x0000000083500000| Untracked 
|  14|0x0000000083600000, 0x0000000083600000, 0x0000000083700000|  0%| F|  |TAMS 0x0000000083600000, 0x0000000083600000| Untracked 
|  15|0x0000000083700000, 0x0000000083700000, 0x0000000083800000|  0%| F|  |TAMS 0x0000000083700000, 0x0000000083700000| Untracked 
|  16|0x0000000083800000, 0x0000000083800000, 0x0000000083900000|  0%| F|  |TAMS 0x0000000083800000, 0x0000000083800000| Untracked 
|  17|0x0000000083900000, 0x0000000083900000, 0x0000000083a00000|  0%| F|  |TAMS 0x0000000083900000, 0x0000000083900000| Untracked 
|  18|0x0000000083a00000, 0x0000000083a00000, 0x0000000083b00000|  0%| F|  |TAMS 0x0000000083a00000, 0x0000000083a00000| Untracked 
|  19|0x0000000083b00000, 0x0000000083b00000, 0x0000000083c00000|  0%| F|  |TAMS 0x0000000083b00000, 0x0000000083b00000| Untracked 
|  20|0x0000000083c00000, 0x0000000083c00000, 0x0000000083d00000|  0%| F|  |TAMS 0x0000000083c00000, 0x0000000083c00000| Untracked 
|  21|0x0000000083d00000, 0x0000000083d00000, 0x0000000083e00000|  0%| F|  |TAMS 0x0000000083d00000, 0x0000000083d00000| Untracked 
|  22|0x0000000083e00000, 0x0000000083e00000, 0x0000000083f00000|  0%| F|  |TAMS 0x0000000083e00000, 0x0000000083e00000| Untracked 
|  23|0x0000000083f00000, 0x0000000083f00000, 0x0000000084000000|  0%| F|  |TAMS 0x0000000083f00000, 0x0000000083f00000| Untracked 
|  24|0x0000000084000000, 0x0000000084000000, 0x0000000084100000|  0%| F|  |TAMS 0x0000000084000000, 0x0000000084000000| Untracked 
|  25|0x0000000084100000, 0x0000000084100000, 0x0000000084200000|  0%| F|  |TAMS 0x0000000084100000, 0x0000000084100000| Untracked 
|  26|0x0000000084200000, 0x0000000084200000, 0x0000000084300000|  0%| F|  |TAMS 0x0000000084200000, 0x0000000084200000| Untracked 
|  27|0x0000000084300000, 0x0000000084300000, 0x0000000084400000|  0%| F|  |TAMS 0x0000000084300000, 0x0000000084300000| Untracked 
|  28|0x0000000084400000, 0x0000000084400000, 0x0000000084500000|  0%| F|  |TAMS 0x0000000084400000, 0x0000000084400000| Untracked 
|  29|0x0000000084500000, 0x0000000084500000, 0x0000000084600000|  0%| F|  |TAMS 0x0000000084500000, 0x0000000084500000| Untracked 
|  30|0x0000000084600000, 0x0000000084600000, 0x0000000084700000|  0%| F|  |TAMS 0x0000000084600000, 0x0000000084600000| Untracked 
|  31|0x0000000084700000, 0x0000000084700000, 0x0000000084800000|  0%| F|  |TAMS 0x0000000084700000, 0x0000000084700000| Untracked 
|  32|0x0000000084800000, 0x0000000084800000, 0x0000000084900000|  0%| F|  |TAMS 0x0000000084800000, 0x0000000084800000| Untracked 
|  33|0x0000000084900000, 0x0000000084900000, 0x0000000084a00000|  0%| F|  |TAMS 0x0000000084900000, 0x0000000084900000| Untracked 
|  34|0x0000000084a00000, 0x0000000084a00000, 0x0000000084b00000|  0%| F|  |TAMS 0x0000000084a00000, 0x0000000084a00000| Untracked 
|  35|0x0000000084b00000, 0x0000000084b00000, 0x0000000084c00000|  0%| F|  |TAMS 0x0000000084b00000, 0x0000000084b00000| Untracked 
|  36|0x0000000084c00000, 0x0000000084c00000, 0x0000000084d00000|  0%| F|  |TAMS 0x0000000084c00000, 0x0000000084c00000| Untracked 
|  37|0x0000000084d00000, 0x0000000084d00000, 0x0000000084e00000|  0%| F|  |TAMS 0x0000000084d00000, 0x0000000084d00000| Untracked 
|  38|0x0000000084e00000, 0x0000000084e00000, 0x0000000084f00000|  0%| F|  |TAMS 0x0000000084e00000, 0x0000000084e00000| Untracked 
|  39|0x0000000084f00000, 0x0000000084f00000, 0x0000000085000000|  0%| F|  |TAMS 0x0000000084f00000, 0x0000000084f00000| Untracked 
|  40|0x0000000085000000, 0x0000000085000000, 0x0000000085100000|  0%| F|  |TAMS 0x0000000085000000, 0x0000000085000000| Untracked 
|  41|0x0000000085100000, 0x0000000085100000, 0x0000000085200000|  0%| F|  |TAMS 0x0000000085100000, 0x0000000085100000| Untracked 
|  42|0x0000000085200000, 0x0000000085200000, 0x0000000085300000|  0%| F|  |TAMS 0x0000000085200000, 0x0000000085200000| Untracked 
|  43|0x0000000085300000, 0x0000000085300000, 0x0000000085400000|  0%| F|  |TAMS 0x0000000085300000, 0x0000000085300000| Untracked 
|  44|0x0000000085400000, 0x0000000085400000, 0x0000000085500000|  0%| F|  |TAMS 0x0000000085400000, 0x0000000085400000| Untracked 
|  45|0x0000000085500000, 0x0000000085500000, 0x0000000085600000|  0%| F|  |TAMS 0x0000000085500000, 0x0000000085500000| Untracked 
|  46|0x0000000085600000, 0x0000000085600000, 0x0000000085700000|  0%| F|  |TAMS 0x0000000085600000, 0x0000000085600000| Untracked 
|  47|0x0000000085700000, 0x0000000085700000, 0x0000000085800000|  0%| F|  |TAMS 0x0000000085700000, 0x0000000085700000| Untracked 
|  48|0x0000000085800000, 0x0000000085800000, 0x0000000085900000|  0%| F|  |TAMS 0x0000000085800000, 0x0000000085800000| Untracked 
|  49|0x0000000085900000, 0x0000000085900000, 0x0000000085a00000|  0%| F|  |TAMS 0x0000000085900000, 0x0000000085900000| Untracked 
|  50|0x0000000085a00000, 0x0000000085a00000, 0x0000000085b00000|  0%| F|  |TAMS 0x0000000085a00000, 0x0000000085a00000| Untracked 
|  51|0x0000000085b00000, 0x0000000085b00000, 0x0000000085c00000|  0%| F|  |TAMS 0x0000000085b00000, 0x0000000085b00000| Untracked 
|  52|0x0000000085c00000, 0x0000000085c00000, 0x0000000085d00000|  0%| F|  |TAMS 0x0000000085c00000, 0x0000000085c00000| Untracked 
|  53|0x0000000085d00000, 0x0000000085d00000, 0x0000000085e00000|  0%| F|  |TAMS 0x0000000085d00000, 0x0000000085d00000| Untracked 
|  54|0x0000000085e00000, 0x0000000085e00000, 0x0000000085f00000|  0%| F|  |TAMS 0x0000000085e00000, 0x0000000085e00000| Untracked 
|  55|0x0000000085f00000, 0x0000000085f00000, 0x0000000086000000|  0%| F|  |TAMS 0x0000000085f00000, 0x0000000085f00000| Untracked 
|  56|0x0000000086000000, 0x0000000086000000, 0x0000000086100000|  0%| F|  |TAMS 0x0000000086000000, 0x0000000086000000| Untracked 
|  57|0x0000000086100000, 0x0000000086100000, 0x0000000086200000|  0%| F|  |TAMS 0x0000000086100000, 0x0000000086100000| Untracked 
|  58|0x0000000086200000, 0x0000000086200000, 0x0000000086300000|  0%| F|  |TAMS 0x0000000086200000, 0x0000000086200000| Untracked 
|  59|0x0000000086300000, 0x0000000086300000, 0x0000000086400000|  0%| F|  |TAMS 0x0000000086300000, 0x0000000086300000| Untracked 
|  60|0x0000000086400000, 0x0000000086400000, 0x0000000086500000|  0%| F|  |TAMS 0x0000000086400000, 0x0000000086400000| Untracked 
|  61|0x0000000086500000, 0x0000000086500000, 0x0000000086600000|  0%| F|  |TAMS 0x0000000086500000, 0x0000000086500000| Untracked 
|  62|0x0000000086600000, 0x0000000086600000, 0x0000000086700000|  0%| F|  |TAMS 0x0000000086600000, 0x0000000086600000| Untracked 
|  63|0x0000000086700000, 0x0000000086700000, 0x0000000086800000|  0%| F|  |TAMS 0x0000000086700000, 0x0000000086700000| Untracked 
|  64|0x0000000086800000, 0x0000000086800000, 0x0000000086900000|  0%| F|  |TAMS 0x0000000086800000, 0x0000000086800000| Untracked 
|  65|0x0000000086900000, 0x0000000086900000, 0x0000000086a00000|  0%| F|  |TAMS 0x0000000086900000, 0x0000000086900000| Untracked 
|  66|0x0000000086a00000, 0x0000000086a00000, 0x0000000086b00000|  0%| F|  |TAMS 0x0000000086a00000, 0x0000000086a00000| Untracked 
|  67|0x0000000086b00000, 0x0000000086b00000, 0x0000000086c00000|  0%| F|  |TAMS 0x0000000086b00000, 0x0000000086b00000| Untracked 
|  68|0x0000000086c00000, 0x0000000086c00000, 0x0000000086d00000|  0%| F|  |TAMS 0x0000000086c00000, 0x0000000086c00000| Untracked 
|  69|0x0000000086d00000, 0x0000000086d00000, 0x0000000086e00000|  0%| F|  |TAMS 0x0000000086d00000, 0x0000000086d00000| Untracked 
|  70|0x0000000086e00000, 0x0000000086e00000, 0x0000000086f00000|  0%| F|  |TAMS 0x0000000086e00000, 0x0000000086e00000| Untracked 
|  71|0x0000000086f00000, 0x0000000086f00000, 0x0000000087000000|  0%| F|  |TAMS 0x0000000086f00000, 0x0000000086f00000| Untracked 
|  72|0x0000000087000000, 0x0000000087000000, 0x0000000087100000|  0%| F|  |TAMS 0x0000000087000000, 0x0000000087000000| Untracked 
|  73|0x0000000087100000, 0x0000000087100000, 0x0000000087200000|  0%| F|  |TAMS 0x0000000087100000, 0x0000000087100000| Untracked 
|  74|0x0000000087200000, 0x0000000087200000, 0x0000000087300000|  0%| F|  |TAMS 0x0000000087200000, 0x0000000087200000| Untracked 
|  75|0x0000000087300000, 0x0000000087300000, 0x0000000087400000|  0%| F|  |TAMS 0x0000000087300000, 0x0000000087300000| Untracked 
|  76|0x0000000087400000, 0x0000000087400000, 0x0000000087500000|  0%| F|  |TAMS 0x0000000087400000, 0x0000000087400000| Untracked 
|  77|0x0000000087500000, 0x0000000087500000, 0x0000000087600000|  0%| F|  |TAMS 0x0000000087500000, 0x0000000087500000| Untracked 
|  78|0x0000000087600000, 0x0000000087600000, 0x0000000087700000|  0%| F|  |TAMS 0x0000000087600000, 0x0000000087600000| Untracked 
|  79|0x0000000087700000, 0x0000000087700000, 0x0000000087800000|  0%| F|  |TAMS 0x0000000087700000, 0x0000000087700000| Untracked 
|  80|0x0000000087800000, 0x0000000087800000, 0x0000000087900000|  0%| F|  |TAMS 0x0000000087800000, 0x0000000087800000| Untracked 
|  81|0x0000000087900000, 0x0000000087900000, 0x0000000087a00000|  0%| F|  |TAMS 0x0000000087900000, 0x0000000087900000| Untracked 
|  82|0x0000000087a00000, 0x0000000087a00000, 0x0000000087b00000|  0%| F|  |TAMS 0x0000000087a00000, 0x0000000087a00000| Untracked 
|  83|0x0000000087b00000, 0x0000000087b00000, 0x0000000087c00000|  0%| F|  |TAMS 0x0000000087b00000, 0x0000000087b00000| Untracked 
|  84|0x0000000087c00000, 0x0000000087c00000, 0x0000000087d00000|  0%| F|  |TAMS 0x0000000087c00000, 0x0000000087c00000| Untracked 
|  85|0x0000000087d00000, 0x0000000087d00000, 0x0000000087e00000|  0%| F|  |TAMS 0x0000000087d00000, 0x0000000087d00000| Untracked 
|  86|0x0000000087e00000, 0x0000000087e00000, 0x0000000087f00000|  0%| F|  |TAMS 0x0000000087e00000, 0x0000000087e00000| Untracked 
|  87|0x0000000087f00000, 0x0000000087f00000, 0x0000000088000000|  0%| F|  |TAMS 0x0000000087f00000, 0x0000000087f00000| Untracked 
|  88|0x0000000088000000, 0x0000000088100000, 0x0000000088100000|100%| S|CS|TAMS 0x0000000088000000, 0x0000000088000000| Complete 
|  89|0x0000000088100000, 0x0000000088200000, 0x0000000088200000|100%| S|CS|TAMS 0x0000000088100000, 0x0000000088100000| Complete 
|  90|0x0000000088200000, 0x0000000088300000, 0x0000000088300000|100%| S|CS|TAMS 0x0000000088200000, 0x0000000088200000| Complete 
|  91|0x0000000088300000, 0x0000000088400000, 0x0000000088400000|100%| S|CS|TAMS 0x0000000088300000, 0x0000000088300000| Complete 
|  92|0x0000000088400000, 0x0000000088400000, 0x0000000088500000|  0%| F|  |TAMS 0x0000000088400000, 0x0000000088400000| Untracked 
|  93|0x0000000088500000, 0x0000000088500000, 0x0000000088600000|  0%| F|  |TAMS 0x0000000088500000, 0x0000000088500000| Untracked 
|  94|0x0000000088600000, 0x0000000088600000, 0x0000000088700000|  0%| F|  |TAMS 0x0000000088600000, 0x0000000088600000| Untracked 
|  95|0x0000000088700000, 0x0000000088700000, 0x0000000088800000|  0%| F|  |TAMS 0x0000000088700000, 0x0000000088700000| Untracked 
|  96|0x0000000088800000, 0x0000000088800000, 0x0000000088900000|  0%| F|  |TAMS 0x0000000088800000, 0x0000000088800000| Untracked 
|  97|0x0000000088900000, 0x0000000088900000, 0x0000000088a00000|  0%| F|  |TAMS 0x0000000088900000, 0x0000000088900000| Untracked 
|  98|0x0000000088a00000, 0x0000000088a00000, 0x0000000088b00000|  0%| F|  |TAMS 0x0000000088a00000, 0x0000000088a00000| Untracked 
|  99|0x0000000088b00000, 0x0000000088b00000, 0x0000000088c00000|  0%| F|  |TAMS 0x0000000088b00000, 0x0000000088b00000| Untracked 
| 100|0x0000000088c00000, 0x0000000088c00000, 0x0000000088d00000|  0%| F|  |TAMS 0x0000000088c00000, 0x0000000088c00000| Untracked 
| 101|0x0000000088d00000, 0x0000000088d00000, 0x0000000088e00000|  0%| F|  |TAMS 0x0000000088d00000, 0x0000000088d00000| Untracked 
| 102|0x0000000088e00000, 0x0000000088e00000, 0x0000000088f00000|  0%| F|  |TAMS 0x0000000088e00000, 0x0000000088e00000| Untracked 
| 103|0x0000000088f00000, 0x0000000088f00000, 0x0000000089000000|  0%| F|  |TAMS 0x0000000088f00000, 0x0000000088f00000| Untracked 
| 104|0x0000000089000000, 0x0000000089000000, 0x0000000089100000|  0%| F|  |TAMS 0x0000000089000000, 0x0000000089000000| Untracked 
| 105|0x0000000089100000, 0x0000000089100000, 0x0000000089200000|  0%| F|  |TAMS 0x0000000089100000, 0x0000000089100000| Untracked 
| 106|0x0000000089200000, 0x0000000089200000, 0x0000000089300000|  0%| F|  |TAMS 0x0000000089200000, 0x0000000089200000| Untracked 
| 107|0x0000000089300000, 0x0000000089400000, 0x0000000089400000|100%| E|  |TAMS 0x0000000089300000, 0x0000000089300000| Complete 
| 108|0x0000000089400000, 0x0000000089500000, 0x0000000089500000|100%| E|CS|TAMS 0x0000000089400000, 0x0000000089400000| Complete 
| 109|0x0000000089500000, 0x0000000089600000, 0x0000000089600000|100%| E|CS|TAMS 0x0000000089500000, 0x0000000089500000| Complete 
| 110|0x0000000089600000, 0x0000000089700000, 0x0000000089700000|100%| E|CS|TAMS 0x0000000089600000, 0x0000000089600000| Complete 
| 111|0x0000000089700000, 0x0000000089800000, 0x0000000089800000|100%| E|CS|TAMS 0x0000000089700000, 0x0000000089700000| Complete 
| 112|0x0000000089800000, 0x0000000089900000, 0x0000000089900000|100%| E|CS|TAMS 0x0000000089800000, 0x0000000089800000| Complete 
| 113|0x0000000089900000, 0x0000000089a00000, 0x0000000089a00000|100%| E|CS|TAMS 0x0000000089900000, 0x0000000089900000| Complete 
| 114|0x0000000089a00000, 0x0000000089b00000, 0x0000000089b00000|100%| E|CS|TAMS 0x0000000089a00000, 0x0000000089a00000| Complete 
| 115|0x0000000089b00000, 0x0000000089c00000, 0x0000000089c00000|100%| E|CS|TAMS 0x0000000089b00000, 0x0000000089b00000| Complete 
| 116|0x0000000089c00000, 0x0000000089d00000, 0x0000000089d00000|100%| E|CS|TAMS 0x0000000089c00000, 0x0000000089c00000| Complete 
| 117|0x0000000089d00000, 0x0000000089e00000, 0x0000000089e00000|100%| E|CS|TAMS 0x0000000089d00000, 0x0000000089d00000| Complete 
| 118|0x0000000089e00000, 0x0000000089f00000, 0x0000000089f00000|100%| E|CS|TAMS 0x0000000089e00000, 0x0000000089e00000| Complete 
| 119|0x0000000089f00000, 0x000000008a000000, 0x000000008a000000|100%| E|CS|TAMS 0x0000000089f00000, 0x0000000089f00000| Complete 
| 120|0x000000008a000000, 0x000000008a100000, 0x000000008a100000|100%| E|CS|TAMS 0x000000008a000000, 0x000000008a000000| Complete 
| 121|0x000000008a100000, 0x000000008a200000, 0x000000008a200000|100%| E|CS|TAMS 0x000000008a100000, 0x000000008a100000| Complete 
| 122|0x000000008a200000, 0x000000008a300000, 0x000000008a300000|100%| E|CS|TAMS 0x000000008a200000, 0x000000008a200000| Complete 
| 123|0x000000008a300000, 0x000000008a400000, 0x000000008a400000|100%| E|CS|TAMS 0x000000008a300000, 0x000000008a300000| Complete 
| 124|0x000000008a400000, 0x000000008a500000, 0x000000008a500000|100%| E|CS|TAMS 0x000000008a400000, 0x000000008a400000| Complete 
| 125|0x000000008a500000, 0x000000008a600000, 0x000000008a600000|100%| E|CS|TAMS 0x000000008a500000, 0x000000008a500000| Complete 

Card table byte_map: [0x00000215ce560000,0x00000215ce950000] _byte_map_base: 0x00000215ce14c000

Marking Bits (Prev, Next): (CMBitMap*) 0x00000215b56ff110, (CMBitMap*) 0x00000215b56ff150
 Prev Bits: [0x00000215ced40000, 0x00000215d0ca0000)
 Next Bits: [0x00000215d0ca0000, 0x00000215d2c00000)

Polling page: 0x00000215b57a0000

Metaspace:

Usage:
  Non-class:     16.90 MB used.
      Class:      2.21 MB used.
       Both:     19.11 MB used.

Virtual space:
  Non-class space:       24.00 MB reserved,      17.00 MB ( 71%) committed,  3 nodes.
      Class space:        1.00 GB reserved,       2.31 MB ( <1%) committed,  1 nodes.
             Both:        1.02 GB reserved,      19.31 MB (  2%) committed. 

Chunk freelists:
   Non-Class:  1.56 MB
       Class:  1.70 MB
        Both:  3.27 MB

MaxMetaspaceSize: unlimited
CompressedClassSpaceSize: 1.00 GB
Initial GC threshold: 21.00 MB
Current GC threshold: 21.00 MB
CDS: on
MetaspaceReclaimPolicy: balanced
 - commit_granule_bytes: 65536.
 - commit_granule_words: 8192.
 - virtual_space_node_default_size: 1048576.
 - enlarge_chunks_in_place: 1.
 - new_chunks_are_fully_committed: 0.
 - uncommit_free_chunks: 1.
 - use_allocation_guard: 0.
 - handle_deallocations: 1.


Internal statistics:

num_allocs_failed_limit: 0.
num_arena_births: 156.
num_arena_deaths: 0.
num_vsnodes_births: 4.
num_vsnodes_deaths: 0.
num_space_committed: 307.
num_space_uncommitted: 0.
num_chunks_returned_to_freelist: 0.
num_chunks_taken_from_freelist: 815.
num_chunk_merges: 0.
num_chunk_splits: 627.
num_chunks_enlarged: 533.
num_purges: 0.
num_inconsistent_stats: 0.

CodeHeap 'non-profiled nmethods': size=120000Kb used=727Kb max_used=727Kb free=119272Kb
 bounds [0x00000215c61e0000, 0x00000215c6450000, 0x00000215cd710000]
CodeHeap 'profiled nmethods': size=120000Kb used=4132Kb max_used=4132Kb free=115867Kb
 bounds [0x00000215becb0000, 0x00000215bf0c0000, 0x00000215c61e0000]
CodeHeap 'non-nmethods': size=5760Kb used=1203Kb max_used=1225Kb free=4557Kb
 bounds [0x00000215be710000, 0x00000215be980000, 0x00000215becb0000]
 total_blobs=2819 nmethods=2313 adapters=418
 compilation: enabled
              stopped_count=0, restarted_count=0
 full_count=0

Compilation events (20 events):
Event: 4.076 Thread 0x00000215d56939a0 nmethod 2316 0x00000215bf0b1910 code [0x00000215bf0b1aa0, 0x00000215bf0b1bf8]
Event: 4.076 Thread 0x00000215d56939a0 2317       3       java.lang.Byte::hashCode (2 bytes)
Event: 4.076 Thread 0x00000215d56939a0 nmethod 2317 0x00000215bf0b1c90 code [0x00000215bf0b1e20, 0x00000215bf0b1f18]
Event: 4.076 Thread 0x00000215d56939a0 2318       1       scala.collection.immutable.BitmapIndexedSetNode::size_$eq (6 bytes)
Event: 4.076 Thread 0x00000215d56939a0 nmethod 2318 0x00000215c6294b90 code [0x00000215c6294d20, 0x00000215c6294df8]
Event: 4.076 Thread 0x00000215d56939a0 2319       1       scala.collection.immutable.BitmapIndexedSetNode::cachedJavaKeySetHashCode_$eq (6 bytes)
Event: 4.077 Thread 0x00000215d56939a0 nmethod 2319 0x00000215c6294e90 code [0x00000215c6295020, 0x00000215c62950f8]
Event: 4.077 Thread 0x00000215d56939a0 2320       1       scala.collection.immutable.HashSetBuilder::aliased_$eq (6 bytes)
Event: 4.077 Thread 0x00000215d56939a0 nmethod 2320 0x00000215c6295190 code [0x00000215c6295320, 0x00000215c6295438]
Event: 4.077 Thread 0x00000215d56939a0 2321       1       scala.collection.immutable.BitmapIndexedSetNode::dataMap_$eq (6 bytes)
Event: 4.077 Thread 0x00000215d56939a0 nmethod 2321 0x00000215c6295490 code [0x00000215c6295620, 0x00000215c62956f8]
Event: 4.077 Thread 0x00000215d56939a0 2322       1       scala.collection.immutable.BitmapIndexedSetNode::originalHashes_$eq (6 bytes)
Event: 4.077 Thread 0x00000215d56939a0 nmethod 2322 0x00000215c6295790 code [0x00000215c6295920, 0x00000215c6295a38]
Event: 4.077 Thread 0x00000215d56939a0 2324       3       dotty.tools.dotc.util.EqHashMap::index (10 bytes)
Event: 4.077 Thread 0x00000215d56939a0 nmethod 2324 0x00000215bf0b1f90 code [0x00000215bf0b2120, 0x00000215bf0b22d8]
Event: 4.077 Thread 0x00000215d56939a0 2323       3       dotty.tools.dotc.core.Types$Type::widenIfUnstable (91 bytes)
Event: 4.080 Thread 0x00000215d56939a0 nmethod 2323 0x00000215bf0b2390 code [0x00000215bf0b2700, 0x00000215bf0b4758]
Event: 4.083 Thread 0x00000215d56939a0 2326       3       scala.collection.StringOps$$anon$1::advance (235 bytes)
Event: 4.085 Thread 0x00000215d56939a0 nmethod 2326 0x00000215bf0b4f10 code [0x00000215bf0b5220, 0x00000215bf0b6568]
Event: 4.085 Thread 0x00000215d56939a0 2329       3       scala.collection.StringOps$::$anonfun$stripMargin$1 (68 bytes)

GC Heap History (4 events):
Event: 2.187 GC heap before
{Heap before GC invocations=0 (full 0):
 garbage-first heap   total 129024K, used 23552K [0x0000000082800000, 0x0000000100000000)
  region size 1024K, 23 young (23552K), 0 survivors (0K)
 Metaspace       used 8548K, committed 8768K, reserved 1064960K
  class space    used 949K, committed 1024K, reserved 1048576K
}
Event: 2.193 GC heap after
{Heap after GC invocations=1 (full 0):
 garbage-first heap   total 129024K, used 4863K [0x0000000082800000, 0x0000000100000000)
  region size 1024K, 3 young (3072K), 3 survivors (3072K)
 Metaspace       used 8548K, committed 8768K, reserved 1064960K
  class space    used 949K, committed 1024K, reserved 1048576K
}
Event: 3.556 GC heap before
{Heap before GC invocations=1 (full 0):
 garbage-first heap   total 129024K, used 37631K [0x0000000082800000, 0x0000000100000000)
  region size 1024K, 34 young (34816K), 3 survivors (3072K)
 Metaspace       used 17093K, committed 17344K, reserved 1073152K
  class space    used 1946K, committed 2048K, reserved 1048576K
}
Event: 3.566 GC heap after
{Heap after GC invocations=2 (full 0):
 garbage-first heap   total 129024K, used 9455K [0x0000000082800000, 0x0000000100000000)
  region size 1024K, 4 young (4096K), 4 survivors (4096K)
 Metaspace       used 17093K, committed 17344K, reserved 1073152K
  class space    used 1946K, committed 2048K, reserved 1048576K
}

Deoptimization events (20 events):
Event: 3.699 Thread 0x00000215b56bfc70 Uncommon trap: trap_request=0xffffff45 fr.pc=0x00000215c624d500 relative=0x0000000000000460
Event: 3.699 Thread 0x00000215b56bfc70 Uncommon trap: reason=unstable_if action=reinterpret pc=0x00000215c624d500 method=jdk.internal.jimage.ImageReader$SharedImageReader.findNode(Ljava/lang/String;)Ljdk/internal/jimage/ImageReader$Node; @ 25 c2
Event: 3.699 Thread 0x00000215b56bfc70 DEOPT PACKING pc=0x00000215c624d500 sp=0x00000042dccfc700
Event: 3.699 Thread 0x00000215b56bfc70 DEOPT UNPACKING pc=0x00000215be7623a3 sp=0x00000042dccfc6d8 mode 2
Event: 3.922 Thread 0x00000215b56bfc70 Uncommon trap: trap_request=0xffffff45 fr.pc=0x00000215c6280594 relative=0x0000000000000094
Event: 3.922 Thread 0x00000215b56bfc70 Uncommon trap: reason=unstable_if action=reinterpret pc=0x00000215c6280594 method=dotty.tools.dotc.core.Periods$Period$.contains$extension(II)Z @ 17 c2
Event: 3.922 Thread 0x00000215b56bfc70 DEOPT PACKING pc=0x00000215c6280594 sp=0x00000042dccfc930
Event: 3.922 Thread 0x00000215b56bfc70 DEOPT UNPACKING pc=0x00000215be7623a3 sp=0x00000042dccfc780 mode 2
Event: 4.008 Thread 0x00000215b56bfc70 Uncommon trap: trap_request=0xffffff45 fr.pc=0x00000215c6278ac0 relative=0x00000000000000a0
Event: 4.008 Thread 0x00000215b56bfc70 Uncommon trap: reason=unstable_if action=reinterpret pc=0x00000215c6278ac0 method=scala.runtime.Statics.anyHash(Ljava/lang/Object;)I @ 10 c2
Event: 4.008 Thread 0x00000215b56bfc70 DEOPT PACKING pc=0x00000215c6278ac0 sp=0x00000042dccfc430
Event: 4.008 Thread 0x00000215b56bfc70 DEOPT UNPACKING pc=0x00000215be7623a3 sp=0x00000042dccfc3d0 mode 2
Event: 4.076 Thread 0x00000215b56bfc70 Uncommon trap: trap_request=0xffffffde fr.pc=0x00000215c62731b8 relative=0x00000000000002f8
Event: 4.076 Thread 0x00000215b56bfc70 Uncommon trap: reason=class_check action=maybe_recompile pc=0x00000215c62731b8 method=scala.collection.immutable.ChampBaseIterator.searchNextValueNode()Z @ 71 c2
Event: 4.076 Thread 0x00000215b56bfc70 DEOPT PACKING pc=0x00000215c62731b8 sp=0x00000042dccfdae0
Event: 4.076 Thread 0x00000215b56bfc70 DEOPT UNPACKING pc=0x00000215be7623a3 sp=0x00000042dccfda08 mode 2
Event: 4.077 Thread 0x00000215b56bfc70 Uncommon trap: trap_request=0xffffffde fr.pc=0x00000215c62731b8 relative=0x00000000000002f8
Event: 4.077 Thread 0x00000215b56bfc70 Uncommon trap: reason=class_check action=maybe_recompile pc=0x00000215c62731b8 method=scala.collection.immutable.ChampBaseIterator.searchNextValueNode()Z @ 71 c2
Event: 4.077 Thread 0x00000215b56bfc70 DEOPT PACKING pc=0x00000215c62731b8 sp=0x00000042dccfd800
Event: 4.077 Thread 0x00000215b56bfc70 DEOPT UNPACKING pc=0x00000215be7623a3 sp=0x00000042dccfd728 mode 2

Classes unloaded (0 events):
No events

Classes redefined (0 events):
No events

Internal exceptions (20 events):
Event: 2.850 Thread 0x00000215b56bfc70 Exception <a 'java/lang/NoSuchMethodError'{0x00000000894131a8}: 'java.lang.Object java.lang.invoke.DirectMethodHandle$Holder.invokeSpecial(java.lang.Object, java.lang.Object, java.lang.Object, java.lang.Object, int)'> (0x00000000894131a8) 
thrown [t:\workspace\open\src\hotspot\share\interpreter\linkResolver.cpp, line 766]
Event: 2.851 Thread 0x00000215b56bfc70 Exception <a 'java/lang/NoSuchMethodError'{0x0000000089416d70}: 'java.lang.Object java.lang.invoke.Invokers$Holder.linkToTargetMethod(java.lang.Object, java.lang.Object, int, java.lang.Object)'> (0x0000000089416d70) 
thrown [t:\workspace\open\src\hotspot\share\interpreter\linkResolver.cpp, line 766]
Event: 2.881 Thread 0x00000215b56bfc70 Exception <a 'java/lang/NoSuchMethodError'{0x00000000894d1cf8}: 'java.lang.Object java.lang.invoke.DirectMethodHandle$Holder.invokeSpecialIFC(java.lang.Object, java.lang.Object)'> (0x00000000894d1cf8) 
thrown [t:\workspace\open\src\hotspot\share\interpreter\linkResolver.cpp, line 766]
Event: 2.948 Thread 0x00000215b56bfc70 Exception <a 'java/lang/NoSuchMethodError'{0x000000008928b0c8}: 'int java.lang.invoke.DirectMethodHandle$Holder.invokeSpecial(java.lang.Object, java.lang.Object, java.lang.Object, java.lang.Object)'> (0x000000008928b0c8) 
thrown [t:\workspace\open\src\hotspot\share\interpreter\linkResolver.cpp, line 766]
Event: 3.050 Thread 0x00000215b56bfc70 Exception <a 'java/lang/NoSuchMethodError'{0x000000008906a9b0}: 'void java.lang.invoke.DirectMethodHandle$Holder.invokeStatic(java.lang.Object, java.lang.Object, java.lang.Object)'> (0x000000008906a9b0) 
thrown [t:\workspace\open\src\hotspot\share\interpreter\linkResolver.cpp, line 766]
Event: 3.223 Thread 0x00000215b56bfc70 Exception <a 'java/lang/NoSuchMethodError'{0x0000000088b70050}: 'void java.lang.invoke.DirectMethodHandle$Holder.invokeSpecial(java.lang.Object, java.lang.Object, java.lang.Object)'> (0x0000000088b70050) 
thrown [t:\workspace\open\src\hotspot\share\interpreter\linkResolver.cpp, line 766]
Event: 3.595 Thread 0x00000215b56bfc70 Exception <a 'java/lang/NoSuchMethodError'{0x000000008a2b08d0}: 'int java.lang.invoke.DirectMethodHandle$Holder.invokeSpecialIFC(java.lang.Object, java.lang.Object, java.lang.Object)'> (0x000000008a2b08d0) 
thrown [t:\workspace\open\src\hotspot\share\interpreter\linkResolver.cpp, line 766]
Event: 3.601 Thread 0x00000215b56bfc70 Exception <a 'java/lang/NoSuchMethodError'{0x000000008a2ca888}: 'java.lang.Object java.lang.invoke.DirectMethodHandle$Holder.newInvokeSpecial(java.lang.Object, java.lang.Object, java.lang.Object, java.lang.Object, java.lang.Object)'> (0x000000008a2ca888) 
thrown [t:\workspace\open\src\hotspot\share\interpreter\linkResolver.cpp, line 766]
Event: 3.619 Thread 0x00000215b56bfc70 Exception <a 'java/lang/NoSuchMethodError'{0x000000008a12a8a8}: 'java.lang.Object java.lang.invoke.DirectMethodHandle$Holder.newInvokeSpecial(java.lang.Object, java.lang.Object, java.lang.Object, long)'> (0x000000008a12a8a8) 
thrown [t:\workspace\open\src\hotspot\share\interpreter\linkResolver.cpp, line 766]
Event: 3.620 Thread 0x00000215b56bfc70 Exception <a 'java/lang/NoSuchMethodError'{0x000000008a12ec98}: 'java.lang.Object java.lang.invoke.DirectMethodHandle$Holder.invokeSpecial(java.lang.Object, java.lang.Object, java.lang.Object, java.lang.Object, long)'> (0x000000008a12ec98) 
thrown [t:\workspace\open\src\hotspot\share\interpreter\linkResolver.cpp, line 766]
Event: 3.626 Thread 0x00000215b56bfc70 Exception <a 'java/lang/NoSuchMethodError'{0x000000008a1605d0}: 'java.lang.Object java.lang.invoke.DirectMethodHandle$Holder.newInvokeSpecial(java.lang.Object, java.lang.Object, java.lang.Object, java.lang.Object, java.lang.Object, java.lang.Object)'> (0x000000008a1605d0) 
thrown [t:\workspace\open\src\hotspot\share\interpreter\linkResolver.cpp, line 766]
Event: 3.633 Thread 0x00000215b56bfc70 Exception <a 'java/lang/NoSuchMethodError'{0x000000008a183fe0}: 'void java.lang.invoke.DirectMethodHandle$Holder.invokeSpecialIFC(java.lang.Object, java.lang.Object, java.lang.Object, java.lang.Object, java.lang.Object, java.lang.Object)'> (0x000000008a183fe0) 
thrown [t:\workspace\open\src\hotspot\share\interpreter\linkResolver.cpp, line 766]
Event: 3.640 Thread 0x00000215b56bfc70 Exception <a 'java/lang/NoSuchMethodError'{0x000000008a1afed8}: 'java.lang.Object java.lang.invoke.DirectMethodHandle$Holder.newInvokeSpecial(java.lang.Object, java.lang.Object, java.lang.Object, int, java.lang.Object)'> (0x000000008a1afed8) 
thrown [t:\workspace\open\src\hotspot\share\interpreter\linkResolver.cpp, line 766]
Event: 3.641 Thread 0x00000215b56bfc70 Exception <a 'java/lang/NoSuchMethodError'{0x000000008a1b78a8}: 'java.lang.Object java.lang.invoke.Invokers$Holder.linkToTargetMethod(java.lang.Object, java.lang.Object, int, java.lang.Object, java.lang.Object)'> (0x000000008a1b78a8) 
thrown [t:\workspace\open\src\hotspot\share\interpreter\linkResolver.cpp, line 766]
Event: 3.678 Thread 0x00000215b56bfc70 Exception <a 'java/lang/NoSuchMethodError'{0x000000008a03ec70}: 'java.lang.Object java.lang.invoke.DirectMethodHandle$Holder.newInvokeSpecial(java.lang.Object, java.lang.Object, java.lang.Object, java.lang.Object, java.lang.Object, java.lang.Object, java.lang.Object)'> (0x000000008a03ec70) 
thrown [t:\workspace\open\src\hotspot\share\interpreter\linkResolver.cpp, line 766]
Event: 3.678 Thread 0x00000215b56bfc70 Exception <a 'java/lang/NoSuchMethodError'{0x000000008a0438d8}: 'java.lang.Object java.lang.invoke.Invokers$Holder.linkToTargetMethod(java.lang.Object, java.lang.Object, java.lang.Object, java.lang.Object, java.lang.Object, java.lang.Object, java.lang.Object)'> (0x000000008a0438d8) 
thrown [t:\workspace\open\src\hotspot\share\interpreter\linkResolver.cpp, line 766]
Event: 3.693 Thread 0x00000215b56bfc70 Exception <a 'java/lang/NoSuchMethodError'{0x000000008a0d2038}: 'void java.lang.invoke.DirectMethodHandle$Holder.invokeSpecial(java.lang.Object, java.lang.Object, java.lang.Object, java.lang.Object, java.lang.Object)'> (0x000000008a0d2038) 
thrown [t:\workspace\open\src\hotspot\share\interpreter\linkResolver.cpp, line 766]
Event: 3.865 Thread 0x00000215b56bfc70 Exception <a 'java/lang/NoSuchMethodError'{0x0000000089b33eb0}: 'void java.lang.invoke.DirectMethodHandle$Holder.invokeStatic(java.lang.Object, java.lang.Object, int)'> (0x0000000089b33eb0) 
thrown [t:\workspace\open\src\hotspot\share\interpreter\linkResolver.cpp, line 766]
Event: 3.949 Thread 0x00000215b56bfc70 Exception <a 'java/lang/NoSuchMethodError'{0x0000000089722af8}: 'void java.lang.invoke.DirectMethodHandle$Holder.invokeSpecial(java.lang.Object, java.lang.Object, java.lang.Object, java.lang.Object, java.lang.Object, java.lang.Object)'> (0x0000000089722af8) 
thrown [t:\workspace\open\src\hotspot\share\interpreter\linkResolver.cpp, line 766]
Event: 4.078 Thread 0x00000215b56bfc70 Exception <a 'java/lang/NoSuchMethodError'{0x00000000895b27e0}: 'void java.lang.invoke.DirectMethodHandle$Holder.invokeStatic(java.lang.Object, java.lang.Object, java.lang.Object, java.lang.Object)'> (0x00000000895b27e0) 
thrown [t:\workspace\open\src\hotspot\share\interpreter\linkResolver.cpp, line 766]

VM Operations (20 events):
Event: 3.201 Executing VM operation: HandshakeAllThreads
Event: 3.201 Executing VM operation: HandshakeAllThreads done
Event: 3.201 Executing VM operation: Cleanup
Event: 3.201 Executing VM operation: Cleanup done
Event: 3.201 Executing VM operation: HandshakeAllThreads
Event: 3.201 Executing VM operation: HandshakeAllThreads done
Event: 3.227 Executing VM operation: HandshakeAllThreads
Event: 3.227 Executing VM operation: HandshakeAllThreads done
Event: 3.537 Executing VM operation: HandshakeAllThreads
Event: 3.537 Executing VM operation: HandshakeAllThreads done
Event: 3.556 Executing VM operation: G1CollectForAllocation
Event: 3.566 Executing VM operation: G1CollectForAllocation done
Event: 3.830 Executing VM operation: HandshakeAllThreads
Event: 3.830 Executing VM operation: HandshakeAllThreads done
Event: 3.870 Executing VM operation: HandshakeAllThreads
Event: 3.870 Executing VM operation: HandshakeAllThreads done
Event: 3.941 Executing VM operation: ICBufferFull
Event: 3.941 Executing VM operation: ICBufferFull done
Event: 4.038 Executing VM operation: HandshakeAllThreads
Event: 4.038 Executing VM operation: HandshakeAllThreads done

Events (20 events):
Event: 3.388 loading class java/util/stream/StreamSpliterators$AbstractWrappingSpliterator done
Event: 3.388 loading class java/util/stream/StreamSpliterators$WrappingSpliterator done
Event: 3.388 loading class jdk/internal/jrtfs/JrtDirectoryStream$1
Event: 3.388 loading class jdk/internal/jrtfs/JrtDirectoryStream$1 done
Event: 3.392 loading class java/util/stream/SpinedBuffer
Event: 3.392 loading class java/util/stream/AbstractSpinedBuffer
Event: 3.393 loading class java/util/stream/AbstractSpinedBuffer done
Event: 3.393 loading class java/util/stream/SpinedBuffer done
Event: 3.394 loading class java/util/stream/StreamSpliterators
Event: 3.397 loading class java/util/stream/StreamSpliterators done
Event: 3.397 loading class java/util/function/BooleanSupplier
Event: 3.398 loading class java/util/function/BooleanSupplier done
Event: 3.398 loading class java/nio/file/Files$2
Event: 3.399 loading class java/nio/file/Files$2 done
Event: 3.400 loading class jdk/internal/jrtfs/JrtFileAttributes
Event: 3.400 loading class jdk/internal/jrtfs/JrtFileAttributes done
Event: 3.491 loading class java/io/FileFilter
Event: 3.491 loading class java/io/FileFilter done
Event: 3.538 loading class java/util/zip/ZipFile$ZipEntryIterator
Event: 3.538 loading class java/util/zip/ZipFile$ZipEntryIterator done


Dynamic libraries:
0x00007ff718230000 - 0x00007ff718240000 	C:\Program Files\Java\jdk-17.0.2\bin\java.exe
0x00007ffbdb290000 - 0x00007ffbdb488000 	C:\Windows\SYSTEM32\ntdll.dll
0x00007ffbda740000 - 0x00007ffbda7fd000 	C:\Windows\System32\KERNEL32.DLL
0x00007ffbd8ff0000 - 0x00007ffbd92e6000 	C:\Windows\System32\KERNELBASE.dll
0x00007ffbd8e30000 - 0x00007ffbd8f30000 	C:\Windows\System32\ucrtbase.dll
0x00007ffbb7210000 - 0x00007ffbb722a000 	C:\Program Files\Java\jdk-17.0.2\bin\VCRUNTIME140.dll
0x00007ffbb71f0000 - 0x00007ffbb7208000 	C:\Program Files\Java\jdk-17.0.2\bin\jli.dll
0x00007ffbda600000 - 0x00007ffbda6af000 	C:\Windows\System32\ADVAPI32.dll
0x00007ffbdb0d0000 - 0x00007ffbdb16e000 	C:\Windows\System32\msvcrt.dll
0x00007ffbdb000000 - 0x00007ffbdb09c000 	C:\Windows\System32\sechost.dll
0x00007ffbda800000 - 0x00007ffbda926000 	C:\Windows\System32\RPCRT4.dll
0x00007ffbda370000 - 0x00007ffbda50e000 	C:\Windows\System32\USER32.dll
0x00007ffbd8ca0000 - 0x00007ffbd8cc2000 	C:\Windows\System32\win32u.dll
0x00007ffbc30d0000 - 0x00007ffbc336a000 	C:\Windows\WinSxS\amd64_microsoft.windows.common-controls_6595b64144ccf1df_6.0.19041.3636_none_60b6a03d71f818d5\COMCTL32.dll
0x00007ffbdac70000 - 0x00007ffbdac9c000 	C:\Windows\System32\GDI32.dll
0x00007ffbd8a10000 - 0x00007ffbd8b2a000 	C:\Windows\System32\gdi32full.dll
0x00007ffbd8970000 - 0x00007ffbd8a0d000 	C:\Windows\System32\msvcp_win.dll
0x00007ffbcfb40000 - 0x00007ffbcfb4a000 	C:\Windows\SYSTEM32\VERSION.dll
0x00007ffbdb0a0000 - 0x00007ffbdb0d0000 	C:\Windows\System32\IMM32.DLL
0x00007ffbb91f0000 - 0x00007ffbb91fc000 	C:\Program Files\Java\jdk-17.0.2\bin\vcruntime140_1.dll
0x00007ffb4e7b0000 - 0x00007ffb4e83d000 	C:\Program Files\Java\jdk-17.0.2\bin\msvcp140.dll
0x00007ffb49870000 - 0x00007ffb4a431000 	C:\Program Files\Java\jdk-17.0.2\bin\server\jvm.dll
0x00007ffbd92f0000 - 0x00007ffbd92f8000 	C:\Windows\System32\PSAPI.DLL
0x00007ffbaf5c0000 - 0x00007ffbaf5c9000 	C:\Windows\SYSTEM32\WSOCK32.dll
0x00007ffbd6810000 - 0x00007ffbd6837000 	C:\Windows\SYSTEM32\WINMM.dll
0x00007ffbdaa00000 - 0x00007ffbdaa6b000 	C:\Windows\System32\WS2_32.dll
0x00007ffbd7180000 - 0x00007ffbd7192000 	C:\Windows\SYSTEM32\kernel.appcore.dll
0x00007ffbb71e0000 - 0x00007ffbb71ea000 	C:\Program Files\Java\jdk-17.0.2\bin\jimage.dll
0x00007ffbd63b0000 - 0x00007ffbd6594000 	C:\Windows\SYSTEM32\DBGHELP.DLL
0x00007ffbcaa70000 - 0x00007ffbcaaa4000 	C:\Windows\SYSTEM32\dbgcore.DLL
0x00007ffbd8c10000 - 0x00007ffbd8c92000 	C:\Windows\System32\bcryptPrimitives.dll
0x00007ffb4e780000 - 0x00007ffb4e7a5000 	C:\Program Files\Java\jdk-17.0.2\bin\java.dll
0x00007ffb4bb60000 - 0x00007ffb4bc36000 	C:\Program Files\Java\jdk-17.0.2\bin\jsvml.dll
0x00007ffbd95c0000 - 0x00007ffbd9d04000 	C:\Windows\System32\SHELL32.dll
0x00007ffbd69d0000 - 0x00007ffbd716b000 	C:\Windows\SYSTEM32\windows.storage.dll
0x00007ffbdaca0000 - 0x00007ffbdaff4000 	C:\Windows\System32\combase.dll
0x00007ffbd83b0000 - 0x00007ffbd83dd000 	C:\Windows\SYSTEM32\Wldp.dll
0x00007ffbd9e50000 - 0x00007ffbd9efd000 	C:\Windows\System32\SHCORE.dll
0x00007ffbda6b0000 - 0x00007ffbda705000 	C:\Windows\System32\shlwapi.dll
0x00007ffbd88a0000 - 0x00007ffbd88c5000 	C:\Windows\SYSTEM32\profapi.dll
0x00007ffbb71c0000 - 0x00007ffbb71d9000 	C:\Program Files\Java\jdk-17.0.2\bin\net.dll
0x00007ffbd4c40000 - 0x00007ffbd4d4a000 	C:\Windows\SYSTEM32\WINHTTP.dll
0x00007ffbd80f0000 - 0x00007ffbd815a000 	C:\Windows\system32\mswsock.dll
0x00007ffb80750000 - 0x00007ffb80766000 	C:\Program Files\Java\jdk-17.0.2\bin\nio.dll
0x00007ffb4f5a0000 - 0x00007ffb4f5b8000 	C:\Program Files\Java\jdk-17.0.2\bin\zip.dll
0x00007ffbd8300000 - 0x00007ffbd8318000 	C:\Windows\SYSTEM32\CRYPTSP.dll
0x00007ffbd7990000 - 0x00007ffbd79c4000 	C:\Windows\system32\rsaenh.dll
0x00007ffbd8b30000 - 0x00007ffbd8b57000 	C:\Windows\System32\bcrypt.dll
0x00007ffbd8860000 - 0x00007ffbd888e000 	C:\Windows\SYSTEM32\USERENV.dll
0x00007ffbd8320000 - 0x00007ffbd832c000 	C:\Windows\SYSTEM32\CRYPTBASE.dll
0x00007ffbd7d80000 - 0x00007ffbd7dbb000 	C:\Windows\SYSTEM32\IPHLPAPI.DLL
0x00007ffbd9d10000 - 0x00007ffbd9d18000 	C:\Windows\System32\NSI.dll
0x00007ffbd10b0000 - 0x00007ffbd10c7000 	C:\Windows\SYSTEM32\dhcpcsvc6.DLL
0x00007ffbd0c00000 - 0x00007ffbd0c1d000 	C:\Windows\SYSTEM32\dhcpcsvc.DLL
0x00007ffbd7dc0000 - 0x00007ffbd7e8a000 	C:\Windows\SYSTEM32\DNSAPI.dll
0x00007ffbb38e0000 - 0x00007ffbb3906000 	C:\Users\79393\AppData\Local\Temp\csjniutils-0.3.35416421179114416430.dll
0x00007ffbd9d20000 - 0x00007ffbd9e4b000 	C:\Windows\System32\ole32.dll

dbghelp: loaded successfully - version: 4.0.5 - missing functions: none
symbol engine: initialized successfully - sym options: 0x614 - pdb path: .;C:\Program Files\Java\jdk-17.0.2\bin;C:\Windows\SYSTEM32;C:\Windows\WinSxS\amd64_microsoft.windows.common-controls_6595b64144ccf1df_6.0.19041.3636_none_60b6a03d71f818d5;C:\Program Files\Java\jdk-17.0.2\bin\server;C:\Users\79393\AppData\Local\Temp

VM Arguments:
jvm_args: -Dprog.dir=C:\\Users\\79393\\AppData\\Local\\Coursier\\data\\bin\ 
java_command: C:\Users\79393\AppData\Local\Coursier\data\bin\scala.bat d:\TodoBot\src\main\scala\Application.scala
java_class_path (initial): C:\Users\79393\AppData\Local\Coursier\data\bin\scala.bat
Launcher Type: SUN_STANDARD

[Global flags]
     intx CICompilerCount                          = 4                                         {product} {ergonomic}
     uint ConcGCThreads                            = 2                                         {product} {ergonomic}
     uint G1ConcRefinementThreads                  = 8                                         {product} {ergonomic}
   size_t G1HeapRegionSize                         = 1048576                                   {product} {ergonomic}
    uintx GCDrainStackTargetSize                   = 64                                        {product} {ergonomic}
   size_t InitialHeapSize                          = 132120576                                 {product} {ergonomic}
   size_t MarkStackSize                            = 4194304                                   {product} {ergonomic}
   size_t MaxHeapSize                              = 2105540608                                {product} {ergonomic}
   size_t MaxNewSize                               = 1262485504                                {product} {ergonomic}
   size_t MinHeapDeltaBytes                        = 1048576                                   {product} {ergonomic}
   size_t MinHeapSize                              = 8388608                                   {product} {ergonomic}
    uintx NonNMethodCodeHeapSize                   = 5839372                                {pd product} {ergonomic}
    uintx NonProfiledCodeHeapSize                  = 122909434                              {pd product} {ergonomic}
    uintx ProfiledCodeHeapSize                     = 122909434                              {pd product} {ergonomic}
    uintx ReservedCodeCacheSize                    = 251658240                              {pd product} {ergonomic}
     bool SegmentedCodeCache                       = true                                      {product} {ergonomic}
   size_t SoftMaxHeapSize                          = 2105540608                             {manageable} {ergonomic}
     bool UseCompressedClassPointers               = true                           {product lp64_product} {ergonomic}
     bool UseCompressedOops                        = true                           {product lp64_product} {ergonomic}
     bool UseG1GC                                  = true                                      {product} {ergonomic}
     bool UseLargePagesIndividualAllocation        = false                                  {pd product} {ergonomic}

Logging:
Log output configuration:
 #0: stdout all=warning uptime,level,tags
 #1: stderr all=off uptime,level,tags

Environment Variables:
PATH=C:\Program Files\Common Files\Oracle\Java\javapath;C:\Windows\System32\HWAudioDriverLibs;C:\Windows\system32;C:\Windows;C:\Windows\System32\Wbem;C:\Windows\System32\WindowsPowerShell\v1.0\;C:\Windows\System32\OpenSSH\;C:\Windows\system32\config\systemprofile\AppData\Local\Microsoft\WindowsApps;C:\Program Files\Git\cmd;C:\Program Files\WireGuard\;C:\Program Files\Racket;C:\Program Files\nodejs\;C:\Program Files\Graphviz\bin;C:\Program Files\Docker\Docker\resources\bin;C:\Users\79393\AppData\Local\Programs\Python\Python310\Scripts\;C:\Users\79393\AppData\Local\Programs\Python\Python310\;C:\Users\79393\AppData\Local\Programs\Python\Python311\Scripts\;C:\Users\79393\AppData\Local\Programs\Python\Python311\;C:\Users\79393\AppData\Local\Microsoft\WindowsApps;C:\Program Files\JetBrains\IntelliJ IDEA Community Edition 2021.2.3\bin;;C:\intelFPGA_lite\20.1\modelsim_ase\win32aloem;C:\intelFPGA_lite\20.1\modelsim_ae\win32aloem;C:\intelFPGA\20.1\modelsim_ase\win32aloem;C:\Program Files\JetBrains\CLion 2021.3.2\bin;;C:\Users\79393\Downloads\flutter\bin;C:\ProgramData\Microsoft\Windows\Start Menu\Programs\Git\cmd;;C:\Users\79393\AppData\Local\Programs\Microsoft VS Code\bin;C:\Users\79393\AppData\Roaming\npm;C:\Users\79393\AppData\Local\Coursier\data\bin;D:\ghcup\bin
USERNAME=79393
OS=Windows_NT
PROCESSOR_IDENTIFIER=Intel64 Family 6 Model 142 Stepping 12, GenuineIntel



---------------  S Y S T E M  ---------------

OS:
 Windows 10 , 64 bit Build 19041 (10.0.19041.3636)
OS uptime: 44 days 9:06 hours
Hyper-V role detected

CPU: total 8 (initial active 8) (4 cores per cpu, 2 threads per core) family 6 model 142 stepping 12 microcode 0xde, cx8, cmov, fxsr, ht, mmx, 3dnowpref, sse, sse2, sse3, ssse3, sse4.1, sse4.2, popcnt, lzcnt, tsc, tscinvbit, avx, avx2, aes, erms, clmul, bmi1, bmi2, adx, fma, vzeroupper, clflush, clflushopt, hv

Memory: 4k page, system-wide physical 8025M (394M free)
TotalPageFile size 21191M (AvailPageFile size 4M)
current process WorkingSet (physical memory assigned to process): 134M, peak: 134M
current process commit charge ("private bytes"): 265M, peak: 266M

vm_info: Java HotSpot(TM) 64-Bit Server VM (17.0.2+8-LTS-86) for windows-amd64 JRE (17.0.2+8-LTS-86), built on Dec  7 2021 21:51:03 by "mach5one" with MS VC++ 16.8 / 16.9 (VS2019)

END.
