#
# There is insufficient memory for the Java Runtime Environment to continue.
# Native memory allocation (mmap) failed to map 132120576 bytes for G1 virtual space
# Possible reasons:
#   The system is out of physical RAM or swap space
#   The process is running with CompressedOops enabled, and the Java Heap may be blocking the growth of the native heap
# Possible solutions:
#   Reduce memory load on the system
#   Increase physical memory or swap space
#   Check if swap backing store is full
#   Decrease Java heap size (-Xmx/-Xms)
#   Decrease number of Java threads
#   Decrease Java thread stack sizes (-Xss)
#   Set larger code cache with -XX:ReservedCodeCacheSize=
#   JVM is running with Unscaled Compressed Oops mode in which the Java heap is
#     placed in the first 4GB address space. The Java Heap base address is the
#     maximum limit for the native heap growth. Please use -XX:HeapBaseMinAddress
#     to set the Java Heap base and to place the Java Heap above 4GB virtual address.
# This output file may be truncated or incomplete.
#
#  Out of Memory Error (os_windows.cpp:3532), pid=16224, tid=12944
#
# JRE version:  (17.0.2+8) (build )
# Java VM: Java HotSpot(TM) 64-Bit Server VM (17.0.2+8-LTS-86, mixed mode, sharing, tiered, compressed oops, compressed class ptrs, g1 gc, windows-amd64)
# No core dump will be written. Minidumps are not enabled by default on client versions of Windows
#

---------------  S U M M A R Y ------------

Command Line: bloop.Server 8212

Host: Intel(R) Core(TM) i5-10210U CPU @ 1.60GHz, 8 cores, 7G,  Windows 10 , 64 bit Build 19041 (10.0.19041.3636)
Time: Tue Jan 30 08:49:51 2024 RTZ 2 (s 10 , 64 bit Build 19041 (10.0.19041.3636) elapsed time: 0.026174 seconds (0d 0h 0m 0s)

---------------  T H R E A D  ---------------

Current thread (0x00000290ec8799c0):  JavaThread "Unknown thread" [_thread_in_vm, id=12944, stack(0x000000be1e800000,0x000000be1e900000)]

Stack: [0x000000be1e800000,0x000000be1e900000]
Native frames: (J=compiled Java code, j=interpreted, Vv=VM code, C=native code)
V  [jvm.dll+0x670baa]
V  [jvm.dll+0x7cfcb4]
V  [jvm.dll+0x7d145e]
V  [jvm.dll+0x7d1ac3]
V  [jvm.dll+0x242bc5]
V  [jvm.dll+0x66dac9]
V  [jvm.dll+0x662412]
V  [jvm.dll+0x300c0b]
V  [jvm.dll+0x3081a6]
V  [jvm.dll+0x357d0e]
V  [jvm.dll+0x357f3f]
V  [jvm.dll+0x2d7ec8]
V  [jvm.dll+0x2d8e34]
V  [jvm.dll+0x7a18c1]
V  [jvm.dll+0x365a91]
V  [jvm.dll+0x780d2c]
V  [jvm.dll+0x3e845f]
V  [jvm.dll+0x3e9f01]
C  [jli.dll+0x527b]
C  [ucrtbase.dll+0x21bb2]
C  [KERNEL32.DLL+0x17344]
C  [ntdll.dll+0x526b1]


---------------  P R O C E S S  ---------------

Threads class SMR info:
_java_thread_list=0x00007ffb4a309858, length=0, elements={
}

Java Threads: ( => current thread )

Other Threads:
  0x00000290ec8b85d0 GCTaskThread "GC Thread#0" [stack: 0x000000be1e900000,0x000000be1ea00000] [id=860]
  0x00000290ec8ca330 ConcurrentGCThread "G1 Main Marker" [stack: 0x000000be1ea00000,0x000000be1eb00000] [id=24832]
  0x00000290ec8cac50 ConcurrentGCThread "G1 Conc#0" [stack: 0x000000be1eb00000,0x000000be1ec00000] [id=20748]

[error occurred during error reporting (printing all threads), id 0xc0000005, EXCEPTION_ACCESS_VIOLATION (0xc0000005) at pc=0x00007ffb49b588a7]

VM state: not at safepoint (not fully initialized)

VM Mutex/Monitor currently owned by a thread:  ([mutex/lock_event])
[0x00000290ec876cd0] Heap_lock - owner thread: 0x00000290ec8799c0

Heap address: 0x0000000082800000, size: 2008 MB, Compressed Oops mode: 32-bit

CDS archive(s) mapped at: [0x0000000000000000-0x0000000000000000-0x0000000000000000), size 0, SharedBaseAddress: 0x0000000800000000, ArchiveRelocationMode: 0.
Narrow klass base: 0x0000000000000000, Narrow klass shift: 0, Narrow klass range: 0x0

GC Precious Log:
<Empty>

Heap:
 garbage-first heap   total 0K, used 0K [0x0000000082800000, 0x0000000100000000)
  region size 1024K, 0 young (0K), 0 survivors (0K)

[error occurred during error reporting (printing heap information), id 0xc0000005, EXCEPTION_ACCESS_VIOLATION (0xc0000005) at pc=0x00007ffb49f39f19]

GC Heap History (0 events):
No events

Deoptimization events (0 events):
No events

Classes unloaded (0 events):
No events

Classes redefined (0 events):
No events

Internal exceptions (0 events):
No events

VM Operations (0 events):
No events

Events (1 events):
Event: 0.019 Loaded shared library C:\Program Files\Java\jdk-17.0.2\bin\java.dll


Dynamic libraries:
0x00007ff718230000 - 0x00007ff718240000 	C:\Program Files\Java\jdk-17.0.2\bin\java.exe
0x00007ffbdb290000 - 0x00007ffbdb488000 	C:\Windows\SYSTEM32\ntdll.dll
0x00007ffbda740000 - 0x00007ffbda7fd000 	C:\Windows\System32\KERNEL32.DLL
0x00007ffbd8ff0000 - 0x00007ffbd92e6000 	C:\Windows\System32\KERNELBASE.dll
0x00007ffbd8e30000 - 0x00007ffbd8f30000 	C:\Windows\System32\ucrtbase.dll
0x00007ffbb7210000 - 0x00007ffbb722a000 	C:\Program Files\Java\jdk-17.0.2\bin\VCRUNTIME140.dll
0x00007ffbb71f0000 - 0x00007ffbb7208000 	C:\Program Files\Java\jdk-17.0.2\bin\jli.dll
0x00007ffbda600000 - 0x00007ffbda6af000 	C:\Windows\System32\ADVAPI32.dll
0x00007ffbdb0d0000 - 0x00007ffbdb16e000 	C:\Windows\System32\msvcrt.dll
0x00007ffbdb000000 - 0x00007ffbdb09c000 	C:\Windows\System32\sechost.dll
0x00007ffbda800000 - 0x00007ffbda926000 	C:\Windows\System32\RPCRT4.dll
0x00007ffbda370000 - 0x00007ffbda50e000 	C:\Windows\System32\USER32.dll
0x00007ffbd8ca0000 - 0x00007ffbd8cc2000 	C:\Windows\System32\win32u.dll
0x00007ffbc30d0000 - 0x00007ffbc336a000 	C:\Windows\WinSxS\amd64_microsoft.windows.common-controls_6595b64144ccf1df_6.0.19041.3636_none_60b6a03d71f818d5\COMCTL32.dll
0x00007ffbdac70000 - 0x00007ffbdac9c000 	C:\Windows\System32\GDI32.dll
0x00007ffbd8a10000 - 0x00007ffbd8b2a000 	C:\Windows\System32\gdi32full.dll
0x00007ffbd8970000 - 0x00007ffbd8a0d000 	C:\Windows\System32\msvcp_win.dll
0x00007ffbcfb40000 - 0x00007ffbcfb4a000 	C:\Windows\SYSTEM32\VERSION.dll
0x00007ffbdb0a0000 - 0x00007ffbdb0d0000 	C:\Windows\System32\IMM32.DLL
0x00007ffbb91f0000 - 0x00007ffbb91fc000 	C:\Program Files\Java\jdk-17.0.2\bin\vcruntime140_1.dll
0x00007ffb4e7b0000 - 0x00007ffb4e83d000 	C:\Program Files\Java\jdk-17.0.2\bin\msvcp140.dll
0x00007ffb49870000 - 0x00007ffb4a431000 	C:\Program Files\Java\jdk-17.0.2\bin\server\jvm.dll
0x00007ffbd92f0000 - 0x00007ffbd92f8000 	C:\Windows\System32\PSAPI.DLL
0x00007ffbaf5c0000 - 0x00007ffbaf5c9000 	C:\Windows\SYSTEM32\WSOCK32.dll
0x00007ffbdaa00000 - 0x00007ffbdaa6b000 	C:\Windows\System32\WS2_32.dll
0x00007ffbd6810000 - 0x00007ffbd6837000 	C:\Windows\SYSTEM32\WINMM.dll
0x00007ffbd7180000 - 0x00007ffbd7192000 	C:\Windows\SYSTEM32\kernel.appcore.dll
0x00007ffbb71e0000 - 0x00007ffbb71ea000 	C:\Program Files\Java\jdk-17.0.2\bin\jimage.dll
0x00007ffbd63b0000 - 0x00007ffbd6594000 	C:\Windows\SYSTEM32\DBGHELP.DLL
0x00007ffbcaa70000 - 0x00007ffbcaaa4000 	C:\Windows\SYSTEM32\dbgcore.DLL
0x00007ffbd8c10000 - 0x00007ffbd8c92000 	C:\Windows\System32\bcryptPrimitives.dll
0x00007ffb4e780000 - 0x00007ffb4e7a5000 	C:\Program Files\Java\jdk-17.0.2\bin\java.dll

dbghelp: loaded successfully - version: 4.0.5 - missing functions: none
symbol engine: initialized successfully - sym options: 0x614 - pdb path: .;C:\Program Files\Java\jdk-17.0.2\bin;C:\Windows\SYSTEM32;C:\Windows\WinSxS\amd64_microsoft.windows.common-controls_6595b64144ccf1df_6.0.19041.3636_none_60b6a03d71f818d5;C:\Program Files\Java\jdk-17.0.2\bin\server

VM Arguments:
java_command: bloop.Server 8212
java_class_path (initial): C:\Users\79393\AppData\Local\Coursier\cache\v1\https\repo1.maven.org\maven2\ch\epfl\scala\bloop-frontend_2.12\1.5.13\bloop-frontend_2.12-1.5.13.jar;C:\Users\79393\AppData\Local\Coursier\cache\v1\https\repo1.maven.org\maven2\org\scala-lang\scala-library\2.12.18\scala-library-2.12.18.jar;C:\Users\79393\AppData\Local\Coursier\cache\v1\https\repo1.maven.org\maven2\ch\epfl\scala\sockets\1.5.13\sockets-1.5.13.jar;C:\Users\79393\AppData\Local\Coursier\cache\v1\https\repo1.maven.org\maven2\ch\epfl\scala\bloop-shared_2.12\1.5.13\bloop-shared_2.12-1.5.13.jar;C:\Users\79393\AppData\Local\Coursier\cache\v1\https\repo1.maven.org\maven2\ch\epfl\scala\bloop-backend_2.12\1.5.13\bloop-backend_2.12-1.5.13.jar;C:\Users\79393\AppData\Local\Coursier\cache\v1\https\repo1.maven.org\maven2\org\scalaz\scalaz-core_2.12\7.3.8\scalaz-core_2.12-7.3.8.jar;C:\Users\79393\AppData\Local\Coursier\cache\v1\https\repo1.maven.org\maven2\io\monix\monix_2.12\3.2.0\monix_2.12-3.2.0.jar;C:\Users\79393\AppData\Local\Coursier\cache\v1\https\repo1.maven.org\maven2\com\github\alexarchambault\case-app_2.12\2.0.6\case-app_2.12-2.0.6.jar;C:\Users\79393\AppData\Local\Coursier\cache\v1\https\repo1.maven.org\maven2\ch\epfl\scala\scala-debug-adapter_2.12\3.1.5\scala-debug-adapter_2.12-3.1.5.jar;C:\Users\79393\AppData\Local\Coursier\cache\v1\https\repo1.maven.org\maven2\ch\epfl\scala\bloop-config_2.12\1.5.5\bloop-config_2.12-1.5.5.jar;C:\Users\79393\AppData\Local\Coursier\cache\v1\https\repo1.maven.org\maven2\net\java\dev\jna\jna\5.13.0\jna-5.13.0.jar;C:\Users\79393\AppData\Local\Coursier\cache\v1\https\repo1.maven.org\maven2\net\java\dev\jna\jna-platform\5.13.0\jna-platform-5.13.0.jar;C:\Users\79393\AppData\Local\Coursier\cache\v1\https\repo1.maven.org\maven2\com\github\plokhotnyuk\jsoniter-scala\jsoniter-scala-core_2.12\2.13.3.2\jsoniter-scala-core_2.12-2.13.3.2.jar;C:\Users\79393\AppData\Local\Coursier\cache\v1\https\repo1.maven.org\maven2\com\github\plokhotnyuk\jsoniter-scala\jsoniter-
Launcher Type: SUN_STANDARD

[Global flags]
     intx CICompilerCount                          = 4                                         {product} {ergonomic}
     uint ConcGCThreads                            = 2                                         {product} {ergonomic}
     uint G1ConcRefinementThreads                  = 8                                         {product} {ergonomic}
   size_t G1HeapRegionSize                         = 1048576                                   {product} {ergonomic}
    uintx GCDrainStackTargetSize                   = 64                                        {product} {ergonomic}
   size_t InitialHeapSize                          = 132120576                                 {product} {ergonomic}
   size_t MarkStackSize                            = 4194304                                   {product} {ergonomic}
   size_t MaxHeapSize                              = 2105540608                                {product} {ergonomic}
   size_t MinHeapDeltaBytes                        = 1048576                                   {product} {ergonomic}
   size_t MinHeapSize                              = 8388608                                   {product} {ergonomic}
    uintx NonNMethodCodeHeapSize                   = 5839372                                {pd product} {ergonomic}
    uintx NonProfiledCodeHeapSize                  = 122909434                              {pd product} {ergonomic}
    uintx ProfiledCodeHeapSize                     = 122909434                              {pd product} {ergonomic}
    uintx ReservedCodeCacheSize                    = 251658240                              {pd product} {ergonomic}
     bool SegmentedCodeCache                       = true                                      {product} {ergonomic}
   size_t SoftMaxHeapSize                          = 2105540608                             {manageable} {ergonomic}
     bool UseCompressedClassPointers               = true                           {product lp64_product} {ergonomic}
     bool UseCompressedOops                        = true                           {product lp64_product} {ergonomic}
     bool UseG1GC                                  = true                                      {product} {ergonomic}
     bool UseLargePagesIndividualAllocation        = false                                  {pd product} {ergonomic}

Logging:
Log output configuration:
 #0: stdout all=warning uptime,level,tags
 #1: stderr all=off uptime,level,tags

Environment Variables:
JAVA_HOME=C:\Program Files\Java\jdk-17.0.2
PATH=C:\Program Files\Common Files\Oracle\Java\javapath;C:\Windows\System32\HWAudioDriverLibs;C:\Windows\system32;C:\Windows;C:\Windows\System32\Wbem;C:\Windows\System32\WindowsPowerShell\v1.0\;C:\Windows\System32\OpenSSH\;C:\Windows\system32\config\systemprofile\AppData\Local\Microsoft\WindowsApps;C:\Program Files\Git\cmd;C:\Program Files\WireGuard\;C:\Program Files\Racket;C:\Program Files\nodejs\;C:\Program Files\Graphviz\bin;C:\Program Files\Docker\Docker\resources\bin;C:\Users\79393\AppData\Local\Programs\Python\Python310\Scripts\;C:\Users\79393\AppData\Local\Programs\Python\Python310\;C:\Users\79393\AppData\Local\Programs\Python\Python311\Scripts\;C:\Users\79393\AppData\Local\Programs\Python\Python311\;C:\Users\79393\AppData\Local\Microsoft\WindowsApps;C:\Program Files\JetBrains\IntelliJ IDEA Community Edition 2021.2.3\bin;;C:\intelFPGA_lite\20.1\modelsim_ase\win32aloem;C:\intelFPGA_lite\20.1\modelsim_ae\win32aloem;C:\intelFPGA\20.1\modelsim_ase\win32aloem;C:\Program Files\JetBrains\CLion 2021.3.2\bin;;C:\Users\79393\Downloads\flutter\bin;C:\ProgramData\Microsoft\Windows\Start Menu\Programs\Git\cmd;;C:\Users\79393\AppData\Local\Programs\Microsoft VS Code\bin;C:\Users\79393\AppData\Roaming\npm;C:\Users\79393\AppData\Local\Coursier\data\bin;D:\ghcup\bin
USERNAME=79393
OS=Windows_NT
PROCESSOR_IDENTIFIER=Intel64 Family 6 Model 142 Stepping 12, GenuineIntel



---------------  S Y S T E M  ---------------

OS:
 Windows 10 , 64 bit Build 19041 (10.0.19041.3636)
OS uptime: 44 days 4:15 hours
Hyper-V role detected

CPU: total 8 (initial active 8) (4 cores per cpu, 2 threads per core) family 6 model 142 stepping 12 microcode 0xde, cx8, cmov, fxsr, ht, mmx, 3dnowpref, sse, sse2, sse3, ssse3, sse4.1, sse4.2, popcnt, lzcnt, tsc, tscinvbit, avx, avx2, aes, erms, clmul, bmi1, bmi2, adx, fma, vzeroupper, clflush, clflushopt, hv

Memory: 4k page, system-wide physical 8025M (427M free)
TotalPageFile size 21191M (AvailPageFile size 19M)
current process WorkingSet (physical memory assigned to process): 10M, peak: 10M
current process commit charge ("private bytes"): 60M, peak: 186M

vm_info: Java HotSpot(TM) 64-Bit Server VM (17.0.2+8-LTS-86) for windows-amd64 JRE (17.0.2+8-LTS-86), built on Dec  7 2021 21:51:03 by "mach5one" with MS VC++ 16.8 / 16.9 (VS2019)

END.
